This is VTeX/Win32G, v 8.63-- ETeX mode (preloaded format=latex 2014.11.12)  15 FEB 2017 23:04
**@latex,default C:/Users/Utilisateur/Dropbox/Textes_AG/ModemploiAG2/guideutila
g2.tex
(C:/Users/Utilisateur/Dropbox/Textes_AG/ModemploiAG2/guideutilag2.tex
Verifying format fonts.......................
LaTeX2e <2003/12/01>
(D:/VTeX/Src/hyphen.cfg
File: hyphen.cfg 2001/11/02 v7.5 VTeX hyphenation interface
\l@english=\language1
\l@french=\language2

Hyphenation patterns for USenglish =american english =british french =patois =f
rancais loaded.) (D:/VTeX/Src/preload.ali
\aliasfont psyro=psyr slanted 167
\aliasfont eurmo10=eurm10 slanted 167
\aliasfont eurbo10=eurb10 slanted 167
\aliasfont ptmro8r=ptmr8r slanted 167
\aliasfont ptmbo8r=ptmb8r slanted 167
\aliasfont pbkdo8r=pbkd8r slanted 167
\aliasfont pbklo8r=pbkl8r slanted 167
\aliasfont pncro8r=pncr8r slanted 167
\aliasfont pncbo8r=pncb8r slanted 167
\aliasfont pplro8r=pplr8r slanted 167
\aliasfont pplbo8r=pplb8r slanted 167
\aliasfont bchro8r=bchr8r slanted 167
\aliasfont bchbo8r=bchb8r slanted 167
\aliasfont putro8r=putr8r slanted 167
\aliasfont putbo8r=putb8r slanted 167
\aliasfont baro10mv=barm10mv slanted 287
\aliasfont babo10mv=barb10mv slanted 287
\aliasfont baui10mv=bari10mv slanted -287
\aliasfont babu10mv=barb10mv slanted -287
\aliasfont baro10ot=barm10ot slanted 287
\aliasfont babo10ot=barb10ot slanted 287
\aliasfont baui10ot=bari10ot slanted -287
\aliasfont babu10ot=barb10ot slanted -287
\aliasfont baro10t1=barm10t1 slanted 287
\aliasfont babo10t1=barb10t1 slanted 287
\aliasfont baui10t1=bari10t1 slanted -287
\aliasfont babu10t1=barb10t1 slanted -287
\aliasfont tmro10mv=tmrm10mv slanted 167
\aliasfont tmui10mv=tmri10mv slanted -277
\aliasfont tmbo10mv=tmrb10mv slanted 167
\aliasfont tmub10mv=tmbi10mv slanted -277
\aliasfont tmro10ot=tmrm10ot slanted 167
\aliasfont tmui10ot=tmri10ot slanted -277
\aliasfont tmbo10ot=tmrb10ot slanted 167
\aliasfont tmub10ot=tmbi10ot slanted -277
\aliasfont tmro10t1=tmrm10t1 slanted 167
\aliasfont tmui10t1=tmri10t1 slanted -277
\aliasfont tmbo10t1=tmrb10t1 slanted 167
\aliasfont tmub10t1=tmbi10t1 slanted -277
\aliasfont paro10mv=parm10mv slanted 158
\aliasfont pabo10mv=parb10mv slanted 158
\aliasfont paui10mv=pari10mv slanted -158
\aliasfont pabu10mv=parb10mv slanted -158
\aliasfont paro10ot=parm10ot slanted 158
\aliasfont pabo10ot=parb10ot slanted 158
\aliasfont paui10ot=pari10ot slanted -158
\aliasfont pabu10ot=parb10ot slanted -158
\aliasfont paro10t1=parm10t1 slanted 158
\aliasfont pabo10t1=parb10t1 slanted 158
\aliasfont paui10t1=pari10t1 slanted -158
\aliasfont pabu10t1=parb10t1 slanted -158
\aliasfont facro6a=facr6a slanted 167
\aliasfont facbo6a=facb6a slanted 167
\aliasfont faqro6a=faqr6a slanted 167
\aliasfont faqbo6a=faqb6a slanted 167
\aliasfont farro6a=farr6a slanted 167
\aliasfont farbo6a=farb6a slanted 167
\aliasfont fcobo6a=fcob6a slanted 167
\aliasfont fcoro6a=fcor6a slanted 167
\aliasfont fharo6a=fhar6a slanted 167
\aliasfont fhabo6a=fhab6a slanted 167
\aliasfont flzro6a=flzr6a slanted 167
\aliasfont fmaro6a=fmar6a slanted 167
\aliasfont fmabo6a=fmab6a slanted 167
\aliasfont ftxro6a=ftxr6a slanted 167
\aliasfont ftxbo6a=ftxb6a slanted 167
\aliasfont ftmro6a=ftmr6a slanted 167)
\aliasfont ftmbo6a=ftmb6a slanted 167 (D:/VTeX/L2E/book.cls
Document Class: book 2004/02/16 v1.4f Standard LaTeX document class
(D:/VTeX/L2E/bk12.clo
File: bk12.clo 2004/02/16 v1.4f Standard LaTeX file (size option)
)
\c@part=\count79
\c@chapter=\count80
\c@section=\count81
\c@subsection=\count82
\c@subsubsection=\count83
\c@paragraph=\count84
\c@subparagraph=\count85
\c@figure=\count86
\c@table=\count87
\abovecaptionskip=\skip41
\belowcaptionskip=\skip42
\bibindent=\dimen102
) (D:/VTeX/L2E/babel.sty
Package: babel 2005/05/21 v3.8g The Babel package
 (D:/VTeX/L2E/babel.def
File: babel.def 2005/05/21 v3.8g Babel common definitions

(D:/VTeX/L2E/switch.def
File: switch.def 2005/05/21 v3.8g Babel language switching mechanism
)
\babel@savecnt=\count88
\U@D=\dimen103
) (D:/VTeX/L2E/frenchb.ldf
Language: french 2005/02/06 v1.6g French support from the babel system
Package babel Info: Making : an active character on input line 219.
Package babel Info: Making ; an active character on input line 220.
Package babel Info: Making ! an active character on input line 221.
Package babel Info: Making ? an active character on input line 222.
LaTeX Font Info:    Redeclaring font encoding T1 on input line 299.
\parindentFFN=\dimen104
\std@mcc=\count89
\dec@mcc=\count90

*************************************
* Local config file frenchb.cfg used
*
(D:/VTeX/L2E/frenchb.cfg))) (D:/VTeX/L2E/fontenc.sty
Package: fontenc 2004/02/22 v1.99f Standard LaTeX package
 (D:/VTeX/L2E/t1enc.def
File: t1enc.def 2004/02/22 v1.99f Standard LaTeX file
LaTeX Font Info:    Redeclaring font encoding T1 on input line 43.
))
(D:/VTeX/L2E/inputenc.sty
Package: inputenc 2004/02/05 v1.0d Input encoding file
 (D:/VTeX/L2E/ansinew.def
File: ansinew.def 2004/02/05 v1.0d Input encoding file
)) (D:/VTeX/L2E/multicol.sty
Package: multicol 2004/02/14 v1.6e multicolumn formatting (FMi)
\c@tracingmulticols=\count91
\mult@box=\box26
\multicol@leftmargin=\dimen105
\c@unbalance=\count92
\c@collectmore=\count93
\doublecol@number=\count94
\multicoltolerance=\count95
\multicolpretolerance=\count96
\full@width=\dimen106
\page@free=\dimen107
\premulticols=\dimen108
\postmulticols=\dimen109
\multicolsep=\skip43
\multicolbaselineskip=\skip44
\partial@page=\box27
\last@line=\box28
\mult@rightbox=\box29
\mult@grightbox=\box30
\mult@gfirstbox=\box31
\mult@firstbox=\box32
\@tempa=\box33
\@tempa=\box34
\@tempa=\box35
\@tempa=\box36
\@tempa=\box37
\@tempa=\box38
\@tempa=\box39
\@tempa=\box40
\@tempa=\box41
\@tempa=\box42
\@tempa=\box43
\@tempa=\box44
\@tempa=\box45
\@tempa=\box46
\@tempa=\box47
\@tempa=\box48
\@tempa=\box49
\c@columnbadness=\count97
\c@finalcolumnbadness=\count98
\last@try=\dimen110
\multicolovershoot=\dimen111
\multicolundershoot=\dimen112
\mult@nat@firstbox=\box50
\colbreak@box=\box51
) (D:/VTeX/L2E/comment.sty
\CommentStream=\write3
 Excluding comment 'comment')
(D:/VTeX/Src/graphicx.sty
Package: graphicx 1999/02/16 v1.0f Enhanced LaTeX Graphics (DPC,SPQR)
 (D:/VTeX/Src/keyval.sty
Package: keyval 1999/03/16 v1.13 key=value parser (DPC)
\KV@toks@=\toks16
) (D:/VTeX/Src/graphics.sty
Package: graphics 1999/02/16 v1.0l Standard LaTeX Graphics (DPC,SPQR)

(D:/VTeX/Src/trig.sty
Package: trig 1999/03/16 v1.09 sin cos tan (DPC)
) (D:/VTeX/Src/graphics.cfg)
Package graphics Info: Driver file: vtex.def on input line 94.
 (D:/VTeX/Src/vtex.def
File: vtex.def 2003/06/16 v8.22 graphics/color for VTeX
\vtexdef@pdfpagecnt=\count99
\vtexdef@pdfBBoxl=\dimen113
\vtexdef@pdfBBoxb=\dimen114
\vtexdef@pdfBBoxr=\dimen115
\vtexdef@pdfBBoxt=\dimen116
\vtexdef@tempbox=\box52
\vtexdef@ca=\count100
\vtexdef@da=\dimen117
\vtexdef@tempc=\count101
\vtexdef@T=\dimen118
\PS@Console=\toks17
))
\Gin@req@height=\dimen119
\Gin@req@width=\dimen120
)
(D:/VTeX/Src/color.sty
Package: color 1999/02/16 v1.0i Standard LaTeX Color (DPC)
 (D:/VTeX/Src/color.cfg)
Package color Info: Driver file: vtex.def on input line 125.
) (D:/VTeX/L2E/rsfs/calrsfs.sty
\symrsfscript=\mathgroup4
)
(C:/Users/Utilisateur/Dropbox/Textes_AG/ModemploiAG2/macrosug.sty
Initializing GeX...
Loading vtex.pro profile.
GeX initialization completed.<<<psgeo2d.ps:001>>>
File: C:/users/utilisateur/Dropbox/Textes_AG/ModemploiAG2/danger.eps Graphic fi
le (type veps)
\dangerht=\dimen121
\dangercount=\count102
<<<C:/users/utilisateur/Dropbox/Textes_AG/ModemploiAG2/danger.eps:002>>>
\c@fig=\count103
) (D:/VTeX/L2E/hyperref.sty
Package: hyperref 2002/06/06 v6.72s Hypertext links for LaTeX
\@linkdim=\dimen122
\Hy@linkcounter=\count104
\Hy@pagecounter=\count105

(D:/VTeX/L2E/pd1enc.def
File: pd1enc.def 2002/06/06 v6.72s Hyperref: PDFDocEncoding definition (HO)
) (D:/VTeX/L2E/hyperref.cfg
Package hyperref Info: Option `colorlinks' set `true' on input line 3.
Package hyperref Info: Option `bookmarks' set `true' on input line 3.
Package hyperref Info: Option `bookmarksopen' set `false' on input line 3.
)
Package hyperref Info: Option `hyperindex' set `true' on input line 1739.
Package hyperref Info: Option `colorlinks' set `true' on input line 1739.
Package hyperref Info: Bookmarks ON on input line 1797.
Package hyperref Info: Hyper figures OFF on input line 1816.
Package hyperref Info: Link nesting OFF on input line 1821.
Package hyperref Info: Hyper index ON on input line 1824.
Package hyperref Info: Plain pages ON on input line 1829.
Package hyperref Info: Backreferencing OFF on input line 1836.

Implicit mode ON; LaTeX internals redefined
(D:/VTeX/L2E/misc/url.sty
\Urlmuskip=\muskip10
Package: url 1999/03/28  ver 1.5x  Verb mode for urls, etc.
)
LaTeX Info: Redefining \url on input line 2048.
\Fld@menulength=\count106
\Field@Width=\dimen123
\Fld@charsize=\dimen124
\Choice@toks=\toks18
\Field@toks=\toks19
Package hyperref Info: Hyper figures OFF on input line 2506.
Package hyperref Info: Link nesting OFF on input line 2511.
Package hyperref Info: Hyper index ON on input line 2514.
Package hyperref Info: backreferencing OFF on input line 2521.
Package hyperref Info: Link coloring ON on input line 2524.
\c@Item=\count107
\c@Hfootnote=\count108
)
*hyperref using driver hvtex*
(D:/VTeX/L2E/hvtex.def
File: hvtex.def 2002/06/06 v6.72s Hyperref driver for VTeX in PDF/PS mode
\@outlinefile=\write4
\@serial@counter=\count109
)
\@indexfile=\write5

Writing index file guideutilag2.idx
(C:/Users/Utilisateur/Dropbox/Textes_AG/ModemploiAG2/guideutilag2.aux
(C:/Users/Utilisateur/Dropbox/Textes_AG/ModemploiAG2/chap0.aux)
(C:/Users/Utilisateur/Dropbox/Textes_AG/ModemploiAG2/avantpropos.aux)
(C:/Users/Utilisateur/Dropbox/Textes_AG/ModemploiAG2/chap1.aux)
(C:/Users/Utilisateur/Dropbox/Textes_AG/ModemploiAG2/chap2.aux)
(C:/Users/Utilisateur/Dropbox/Textes_AG/ModemploiAG2/chap3.aux)
(C:/Users/Utilisateur/Dropbox/Textes_AG/ModemploiAG2/chap4.aux)
(C:/Users/Utilisateur/Dropbox/Textes_AG/ModemploiAG2/chap5.aux)
(C:/Users/Utilisateur/Dropbox/Textes_AG/ModemploiAG2/chap6.aux)
(C:/Users/Utilisateur/Dropbox/Textes_AG/ModemploiAG2/chap7.aux

LaTeX Warning: Label `chapoper.fusiontris' multiply defined.

) (C:/Users/Utilisateur/Dropbox/Textes_AG/ModemploiAG2/chap8.aux)
(C:/Users/Utilisateur/Dropbox/Textes_AG/ModemploiAG2/chap9.aux

LaTeX Warning: Label `macro6' multiply defined.

) (C:/Users/Utilisateur/Dropbox/Textes_AG/ModemploiAG2/chap10.aux)
(C:/Users/Utilisateur/Dropbox/Textes_AG/ModemploiAG2/chap11.aux)
(C:/Users/Utilisateur/Dropbox/Textes_AG/ModemploiAG2/chap12.aux))
LaTeX Font Info:    Checking defaults for OML/cmr/m/n on input line 73.
LaTeX Font Info:    ... okay on input line 73.
LaTeX Font Info:    Checking defaults for T1/lmr/m/n on input line 73.
LaTeX Font Info:    Try loading font information for T1+lmr on input line 73.

(D:/VTeX/L2E/lm/t1lmr.fd
File: t1lmr.fd 2003/07/22 v1.1 Font defs for Latin Modern
)
LaTeX Font Info:    ... okay on input line 73.
LaTeX Font Info:    Checking defaults for OT1/cmr/m/n on input line 73.
LaTeX Font Info:    ... okay on input line 73.
LaTeX Font Info:    Checking defaults for LV1/cmr/m/n on input line 73.
LaTeX Font Info:    ... okay on input line 73.
LaTeX Font Info:    Checking defaults for OMS/cmr/m/n on input line 73.
LaTeX Font Info:    ... okay on input line 73.
LaTeX Font Info:    Checking defaults for LVM1/cmm/m/it on input line 73.
LaTeX Font Info:    ... okay on input line 73.
LaTeX Font Info:    Checking defaults for LVS1/cmsy/m/n on input line 73.
LaTeX Font Info:    ... okay on input line 73.
LaTeX Font Info:    Checking defaults for OMX/cmex/m/n on input line 73.
LaTeX Font Info:    ... okay on input line 73.
LaTeX Font Info:    Checking defaults for LVX1/cmex/m/n on input line 73.
LaTeX Font Info:    ... okay on input line 73.
LaTeX Font Info:    Checking defaults for U/cmr/m/n on input line 73.
LaTeX Font Info:    ... okay on input line 73.
LaTeX Font Info:    Checking defaults for PD1/pdf/m/n on input line 73.
LaTeX Font Info:    ... okay on input line 73.
LaTeX Info: Redefining \dots on input line 73.
Package hyperref Info: Link coloring ON on input line 73.
 (D:/VTeX/L2E/nameref.sty
Package: nameref 2001/01/27 v2.19 Cross-referencing by name of section
\c@section@level=\count110
)
LaTeX Info: Redefining \ref on input line 73.
LaTeX Info: Redefining \pageref on input line 73.

(C:/Users/Utilisateur/Dropbox/Textes_AG/ModemploiAG2/guideutilag2.out)
(C:/Users/Utilisateur/Dropbox/Textes_AG/ModemploiAG2/chap8.tex [72




]
{\sffamily Chapitre} 8.
LaTeX Font Info:    Try loading font information for T1+cmss on input line 1.
(D:/VTeX/L2E/t1cmss.fd
File: t1cmss.fd 1999/05/25 v2.5h Standard LaTeX font definitions
)
File: chap8/Transfos2.bmp Graphic file (type bmp)
LaTeX Font Info:    Try loading font information for T1+cmtt on input line 33.
 (D:/VTeX/L2E/t1cmtt.fd
File: t1cmtt.fd 1999/05/25 v2.5h Standard LaTeX font definitions
) [73]
Underfull \hbox (badness 10000) detected at line 61
(file=C:/Users/Utilisateur/Dropbox/Textes_AG/ModemploiAG2/chap8.tex)
|[]
 []

LaTeX Font Info:    Try loading font information for OMS+rsfs on input line 61.

(D:/VTeX/L2E/rsfs/omsrsfs.fd)
Overfull \hbox (3.03333pt too wide) in paragraph at lines 61--67
(file=C:/Users/Utilisateur/Dropbox/Textes_AG/ModemploiAG2/chap8.tex)
[]$[]$ [] 
 []

File: chap8/transla.eps Graphic file (type veps)
File: chap8/rota.eps Graphic file (type veps)
File: chap8/point.eps Graphic file (type veps)
[74<<<C:/Users/Utilisateur/Dropbox/Textes_AG/ModemploiAG2/chap8/transla.eps:003
>>><<<C:/Users/Utilisateur/Dropbox/Textes_AG/ModemploiAG2/chap8/rota.eps:004>>>
<<<C:/Users/Utilisateur/Dropbox/Textes_AG/ModemploiAG2/chap8/point.eps:005>>>]
Underfull \hbox (badness 10000) detected at line 121
(file=C:/Users/Utilisateur/Dropbox/Textes_AG/ModemploiAG2/chap8.tex)
|[]
 []

LaTeX Font Info:    Try loading font information for LVS1+cmr on input line 132
.
(D:/VTeX/L2E/lvs1cmr.fd
File: lvs1cmr.fd 2000/07/15 v7.0 LaTeX font definitions for LVS1 encoding
)
LaTeX Font Info:    Font shape `LVS1/cmr/m/n' in size <12> not available
(Font)              Font shape `LVS1/cmsy/m/n' tried instead on input line 132.

File: chap8/Depla2.eps Graphic file (type veps)
File: chap8/symetrie.eps Graphic file (type veps)
 [75<<<C:/Users/Utilisateur/Dropbox/Textes_AG/ModemploiAG2/chap8/Depla2.eps:006
>>>]
File: chap8/homo.eps Graphic file (type veps)


Package frenchb.ldf Warning: Degrees would look better in TS1-encoding: 
(frenchb.ldf)                add \usepackage{textcomp} to the preamble. 
(frenchb.ldf)                Degrees used on input line 201.


Underfull \hbox (badness 10000) detected at line 206
(file=C:/Users/Utilisateur/Dropbox/Textes_AG/ModemploiAG2/chap8.tex)
|[]
 []


Overfull \hbox (2.34885pt too wide) in paragraph at lines 206--212
(file=C:/Users/Utilisateur/Dropbox/Textes_AG/ModemploiAG2/chap8.tex)
[]$[]$ [] 
 []


Underfull \vbox (badness 10000) has occurred while \output is active []

 [76<<<C:/Users/Utilisateur/Dropbox/Textes_AG/ModemploiAG2/chap8/symetrie.eps:0
07>>><<<C:/Users/Utilisateur/Dropbox/Textes_AG/ModemploiAG2/chap8/homo.eps:008>
>>]
File: chap8/homo2.eps Graphic file (type veps)
File: chap8/homo3.eps Graphic file (type veps)
File: chap8/simili.eps Graphic file (type veps)

Underfull \vbox (badness 10000) has occurred while \output is active []

 [77<<<C:/Users/Utilisateur/Dropbox/Textes_AG/ModemploiAG2/chap8/homo2.eps:009>
>><<<C:/Users/Utilisateur/Dropbox/Textes_AG/ModemploiAG2/chap8/homo3.eps:00a>>>
]
Underfull \hbox (badness 10000) detected at line 271
(file=C:/Users/Utilisateur/Dropbox/Textes_AG/ModemploiAG2/chap8.tex)
|[]
 []


Overfull \hbox (2.34885pt too wide) in paragraph at lines 271--277
(file=C:/Users/Utilisateur/Dropbox/Textes_AG/ModemploiAG2/chap8.tex)
[]$[]$ [] 
 []

File: chap8/simili2.eps Graphic file (type veps)
File: chap8/simili3.eps Graphic file (type veps)
File: chap8/simili4.eps Graphic file (type veps)

Underfull \vbox (badness 10000) has occurred while \output is active []

 [78<<<C:/Users/Utilisateur/Dropbox/Textes_AG/ModemploiAG2/chap8/simili.eps:00b
>>><<<C:/Users/Utilisateur/Dropbox/Textes_AG/ModemploiAG2/chap8/simili2.eps:00c
>>><<<C:/Users/Utilisateur/Dropbox/Textes_AG/ModemploiAG2/chap8/simili3.eps:00d
>>>]
File: chap8/etir1.eps Graphic file (type veps)
File: chap8/etir2.eps Graphic file (type veps)

[79<<<C:/Users/Utilisateur/Dropbox/Textes_AG/ModemploiAG2/chap8/simili4.eps:00e
>>><<<C:/Users/Utilisateur/Dropbox/Textes_AG/ModemploiAG2/chap8/etir1.eps:00f>>
><<<C:/Users/Utilisateur/Dropbox/Textes_AG/ModemploiAG2/chap8/etir2.eps:010>>>]

Underfull \hbox (badness 10000) detected at line 360
(file=C:/Users/Utilisateur/Dropbox/Textes_AG/ModemploiAG2/chap8.tex)
|[]
 []

File: chap8/etir3.eps Graphic file (type veps)
[80<<<C:/Users/Utilisateur/Dropbox/Textes_AG/ModemploiAG2/chap8/etir3.eps:011>>
>]
File: chap8/cisail1.eps Graphic file (type veps)
File: chap8/cisail2.eps Graphic file (type veps)

Underfull \hbox (badness 10000) detected at line 415
(file=C:/Users/Utilisateur/Dropbox/Textes_AG/ModemploiAG2/chap8.tex)
|[]
 []


Overfull \hbox (1.96567pt too wide) in paragraph at lines 443--444
(file=C:/Users/Utilisateur/Dropbox/Textes_AG/ModemploiAG2/chap8.tex)
[][] 
 []


Underfull \hbox (badness 10000) detected at line 445
(file=C:/Users/Utilisateur/Dropbox/Textes_AG/ModemploiAG2/chap8.tex)
|[]
 []

File: chap8/bisimili.eps Graphic file (type veps)
File: chap8/bisimili1.eps Graphic file (type veps)
File: chap8/bisimili2.eps Graphic file (type veps)

Underfull \vbox (badness 10000) has occurred while \output is active []

 [81<<<C:/Users/Utilisateur/Dropbox/Textes_AG/ModemploiAG2/chap8/cisail1.eps:01
2>>><<<C:/Users/Utilisateur/Dropbox/Textes_AG/ModemploiAG2/chap8/cisail2.eps:01
3>>>]
[82<<<C:/Users/Utilisateur/Dropbox/Textes_AG/ModemploiAG2/chap8/bisimili.eps:01
4>>><<<C:/Users/Utilisateur/Dropbox/Textes_AG/ModemploiAG2/chap8/bisimili1.eps:
015>>><<<C:/Users/Utilisateur/Dropbox/Textes_AG/ModemploiAG2/chap8/bisimili2.ep
s:016>>>]
File: chap8/rota2.eps Graphic file (type veps)
LaTeX Font Info:    Font shape `LVS1/cmr/m/n' in size <10.95> not available
(Font)              Font shape `LVS1/cmsy/m/n' tried instead on input line 534.

File: chap8/rota3.eps Graphic file (type veps)

Overfull \hbox (29.3747pt too wide) in paragraph at lines 550--552
(file=C:/Users/Utilisateur/Dropbox/Textes_AG/ModemploiAG2/chap8.tex)
 [][] 
 []


Underfull \hbox (badness 10000) detected at line 567
(file=C:/Users/Utilisateur/Dropbox/Textes_AG/ModemploiAG2/chap8.tex)
|[]
 []

File: logoag.eps Graphic file (type veps)

Overfull \hbox (6.79999pt too wide) in paragraph at lines 578--579
(file=C:/Users/Utilisateur/Dropbox/Textes_AG/ModemploiAG2/chap8.tex)
 [] 
 []

[83<<<C:/Users/Utilisateur/Dropbox/Textes_AG/ModemploiAG2/chap8/rota2.eps:017>>
><<<C:/Users/Utilisateur/Dropbox/Textes_AG/ModemploiAG2/chap8/rota3.eps:018>>><
<<C:/Users/Utilisateur/Dropbox/Textes_AG/ModemploiAG2/logoag.eps:019>>>]
File: chap8/conjuguee.eps Graphic file (type veps)

Overfull \hbox (6.79999pt too wide) in paragraph at lines 620--621
(file=C:/Users/Utilisateur/Dropbox/Textes_AG/ModemploiAG2/chap8.tex)
[][] 
 []

File: chap8/simili11.eps Graphic file (type veps)
File: chap8/simili12.eps Graphic file (type veps)
File: logoag.eps Graphic file (type veps)

Overfull \hbox (6.79999pt too wide) in paragraph at lines 648--648
(file=C:/Users/Utilisateur/Dropbox/Textes_AG/ModemploiAG2/chap8.tex)
 [] 
 []

[84<<<C:/Users/Utilisateur/Dropbox/Textes_AG/ModemploiAG2/chap8/conjuguee.eps:0
1a>>><<<C:/Users/Utilisateur/Dropbox/Textes_AG/ModemploiAG2/chap8/simili11.eps:
01b>>><<<C:/Users/Utilisateur/Dropbox/Textes_AG/ModemploiAG2/chap8/simili12.eps
:01c>>>]
File: logoag.eps Graphic file (type veps)

Overfull \hbox (6.79999pt too wide) in paragraph at lines 681--681
(file=C:/Users/Utilisateur/Dropbox/Textes_AG/ModemploiAG2/chap8.tex)
 [] 
 []


Underfull \hbox (badness 10000) detected at line 705
(file=C:/Users/Utilisateur/Dropbox/Textes_AG/ModemploiAG2/chap8.tex)
|[]
 []


Underfull \vbox (badness 10000) has occurred while \output is active []

 [85<<<C:/Users/Utilisateur/Dropbox/Textes_AG/ModemploiAG2/logoag.eps:019>>><<<
C:/Users/Utilisateur/Dropbox/Textes_AG/ModemploiAG2/logoag.eps:019>>>]
File: chap8/ptfixes.eps Graphic file (type veps)
 [86<<<C:/Users/Utilisateur/Dropbox/Textes_AG/ModemploiAG2/chap8/ptfixes.eps:01
d>>>]
Overfull \hbox (5.62961pt too wide) in paragraph at lines 780--783
(file=C:/Users/Utilisateur/Dropbox/Textes_AG/ModemploiAG2/chap8.tex)
[]\T1/cmr/m/n/12 Cette opé-ra-tion res-semble comme deux gouttes d'eau à l'opé-
ra-tion [][][]\T1/cmtt/m/n/12 Montrer-Cacher des formes[][]
 []

) [87] (C:/Users/Utilisateur/Dropbox/Textes_AG/ModemploiAG2/GuideUtilAG2.ind
[117


] [118

]) [119]
(C:/Users/Utilisateur/Dropbox/Textes_AG/ModemploiAG2/guideutilag2.aux
(C:/Users/Utilisateur/Dropbox/Textes_AG/ModemploiAG2/chap0.aux)
(C:/Users/Utilisateur/Dropbox/Textes_AG/ModemploiAG2/avantpropos.aux)
(C:/Users/Utilisateur/Dropbox/Textes_AG/ModemploiAG2/chap1.aux)
(C:/Users/Utilisateur/Dropbox/Textes_AG/ModemploiAG2/chap2.aux)
(C:/Users/Utilisateur/Dropbox/Textes_AG/ModemploiAG2/chap3.aux)
(C:/Users/Utilisateur/Dropbox/Textes_AG/ModemploiAG2/chap4.aux)
(C:/Users/Utilisateur/Dropbox/Textes_AG/ModemploiAG2/chap5.aux)
(C:/Users/Utilisateur/Dropbox/Textes_AG/ModemploiAG2/chap6.aux)
(C:/Users/Utilisateur/Dropbox/Textes_AG/ModemploiAG2/chap7.aux)
(C:/Users/Utilisateur/Dropbox/Textes_AG/ModemploiAG2/chap8.aux)
(C:/Users/Utilisateur/Dropbox/Textes_AG/ModemploiAG2/chap9.aux)
(C:/Users/Utilisateur/Dropbox/Textes_AG/ModemploiAG2/chap10.aux)
(C:/Users/Utilisateur/Dropbox/Textes_AG/ModemploiAG2/chap11.aux)
(C:/Users/Utilisateur/Dropbox/Textes_AG/ModemploiAG2/chap12.aux))

LaTeX Warning: There were multiply-defined labels.

 )
Here is how much of TeX's memory you used: 
6528 strings out of 6860 
73832 string characters out of 90030 
118421 words of memory out of 524285
 6861 multiletter control sequences out of 10000
 29727 words of font info for 101 fonts, out of 196592 for 256
 22 hyphenation exceptions out of 907
 27i,8n,37p,450b,454s stack positions out of 512i,80n,1500p,2047b,2048s

...Processing fonts...
*** Font 99:Times-BoldItalic (GeX Type1 subset) 
*** Font 98:Times-BoldItalic (GeX Type1 subset) 
*** Font 97:Times-BoldItalic (GeX Type1 subset) 
*** Font 96:Symbol (GeX Type1 subset) 
*** Font 94:Times-BoldItalic (GeX Type1 subset) 
*** Font 93:Times-BoldItalic (GeX Type1 subset) 
*** Font 76:Courier (GeX Type1 subset) 
*** Font 75:Times-BoldItalic (GeX Type1 subset) 
*** Font 74:Courier (GeX Type1 subset) 
*** Font 73:Times-BoldItalic (GeX Type1 subset) 
*** Font 72:Times-BoldItalic (GeX Type1 subset) 
*** Font 70:Times-BoldItalic (GeX Type1 subset) 
*** Font 69:Times-BoldItalic (GeX Type1 subset) 
*** Font 68:Times-BoldItalic (GeX Type1 subset) 
*** Font 67:Times-BoldItalic (GeX Type1 subset) 
*** Font 66:Times-BoldItalic (GeX Type1 subset) 
*** Font 65:Times-BoldItalic (GeX Type1 subset) 
*** Font 63:Times-BoldItalic (GeX Type1 subset) 
*** Font 62:Times-BoldItalic (GeX Type1 subset) 
*** Font 61:Times-BoldItalic (GeX Type1 subset) 
*** Font 60:Times-BoldItalic (GeX Type1 subset) 
*** Font 59:Times-BoldItalic (GeX Type1 subset) 
*** Font 58:Times-BoldItalic (GeX Type1 subset) 
*** Font 57:Symbol (GeX Type1 subset) 
*** Font 55:Times-BoldItalic (GeX Type1 subset) 
*** Font 27:Helvetica-Bold (GeX Type1 subset) 
*** Font 25:D:\VTeX\pfb\surm1200.pfb (81843->46747b, 94c)
*** Font 31:D:\VTeX\pfb\susx2488.pfb (65131->24188b, 19c)
*** Font 33:D:\VTeX\pfb\susx1728.pfb (65902->26045b, 37c)
*** Font 34:D:\VTeX\pfb\susi1200.pfb (50478->14956b, 17c)
*** Font 35:D:\VTeX\pfb\sutt1200.pfb (76396->33462b, 38c)
*** Font 37:D:\VTeX\pfb\susx1440.pfb (71627->32629b, 43c)
*** Font 28:D:\VTeX\pfb\susl1200.pfb (73794->32201b, 46c)
*** Font 53:D:\VTeX\pfb\suti1095.pfb (79758->31900b, 15c)
*** Font 54:D:\VTeX\pfb\suti1200.pfb (79185->31604b, 35c)
*** Font 24:D:\VTeX\pfb\mvr12.pfb (28799->5915b, 8c)
*** Font 40:D:\VTeX\pfb\mvmi12.pfb (30226->11072b, 29c)
*** Font 43:D:\VTeX\pfb\mvsy10.pfb (25817->5535b, 6c)
*** Font 56:D:\VTeX\pfb\s050000l.pfb (32193->8513b, 2c)
*** Font 64:D:\VTeX\pfb\succ1200.pfb (80161->35968b, 18c)
*** Font 44:D:\VTeX\pfb\mvsy8.pfb (25974->5499b, 5c)
*** Font 49:D:\VTeX\pfb\rsfs10.pfb (16057->5783b, 4c)
*** Font 41:D:\VTeX\pfb\mvmi8.pfb (29199->5111b, 3c)
*** Font 45:D:\VTeX\pfb\mvsy6.pfb (26081->5229b, 2c)
*** Font 71:D:\VTeX\pfb\subx1200.pfb (81940->38686b, 9c)
*** Font 52:D:\VTeX\pfb\surm1095.pfb (82756->40516b, 26c)
*** Font 79:D:\VTeX\pfb\mvmi10.pfb (29196->5438b, 5c)
*** Font 82:D:\VTeX\pfb\surm0800.pfb (83365->39353b, 3c)
*** Font 92:D:\VTeX\pfb\sutt1095.pfb (76544->31584b, 10c)
*** Font 83:D:\VTeX\pfb\surm1000.pfb (82952->41312b, 26c)
*** Font 89:D:\VTeX\pfb\surm0700.pfb (79833->37951b, 3c)
*** Font 91:D:\VTeX\pfb\susi1000.pfb (50542->14691b, 13c)
*** Font 38:D:\VTeX\pfb\mvr8.pfb (28342->5263b, 2c)
*** Font 95:D:\VTeX\pfb\sutt1000.pfb (76282->31042b, 6c)
*** Font 101:D:\VTeX\pfb\subx2488.pfb (82656->39282b, 12c)
+ warning: reference "chapter.10" was not resolved
+ warning: reference "chapoutils.Montrer" was not resolved
+ warning: reference "chapmedit.Lier" was not resolved
+ warning: reference "chapmedit.reselectionauto" was not resolved
+ warning: reference "chapmedit.SelectionMultiple" was not resolved
+ warning: reference "chapmedit.baresp" was not resolved
+ warning: reference "chapflib.Quadrilatere" was not resolved
+ warning: reference "chapflib.Trapeze" was not resolved
+ warning: reference "chapflib.Point" was not resolved
+ warning: reference "chapter.3" was not resolved
+ warning: reference "chapflib.Cercle" was not resolved
+ warning: reference "chapflib.Segment" was not resolved
...Resolving outlines...
...Processing images...
Output written on C:/Users/Utilisateur/Dropbox/Textes_AG/ModemploiAG2/guideutil
ag2.pdf (19 pages, 1236023 bytes).
